<Type Name="TestResult" FullName="Android.Test.TestResult">
  <TypeSignature Language="C#" Value="public enum TestResult" />
  <TypeSignature Language="ILAsm" Value=".class public auto ansi sealed TestResult extends System.Enum" />
  <TypeSignature Language="DocId" Value="T:Android.Test.TestResult" />
  <TypeSignature Language="F#" Value="type TestResult = " />
  <AssemblyInfo>
    <AssemblyName>Mono.Android</AssemblyName>
    <AssemblyVersion>0.0.0.0</AssemblyVersion>
  </AssemblyInfo>
  <Base>
    <BaseTypeName>System.Enum</BaseTypeName>
  </Base>
  <Docs>
    <summary>Enumerates values returned by several methods of <see cref="T:Android.Test.TestResult" />.</summary>
    <remarks>
      <para>Portions of this page are modifications based on work created and shared by the <format type="text/html"><a href="https://developers.google.com/terms/site-policies" title="Android Open Source Project">Android Open Source Project</a></format> and used according to terms described in the <format type="text/html"><a href="https://creativecommons.org/licenses/by/2.5/" title="Creative Commons 2.5 Attribution License">Creative Commons 2.5 Attribution License.</a></format></para>
    </remarks>
  </Docs>
  <Members>
    <Member MemberName="Error">
      <MemberSignature Language="C#" Value="Error" />
      <MemberSignature Language="ILAsm" Value=".field public static literal valuetype Android.Test.TestResult Error = int32(-1)" />
      <MemberSignature Language="DocId" Value="F:Android.Test.TestResult.Error" />
      <MemberSignature Language="F#" Value="Error = -1" Usage="Android.Test.TestResult.Error" />
      <MemberType>Field</MemberType>
      <AssemblyInfo>
        <AssemblyName>Mono.Android</AssemblyName>
        <AssemblyVersion>0.0.0.0</AssemblyVersion>
      </AssemblyInfo>
      <Attributes>
        <Attribute>
          <AttributeName Language="C#">[Android.Runtime.IntDefinition(null, JniField="android/test/InstrumentationTestRunner.REPORT_VALUE_RESULT_ERROR")]</AttributeName>
          <AttributeName Language="F#">[&lt;Android.Runtime.IntDefinition(null, JniField="android/test/InstrumentationTestRunner.REPORT_VALUE_RESULT_ERROR")&gt;]</AttributeName>
        </Attribute>
      </Attributes>
      <ReturnValue>
        <ReturnType>Android.Test.TestResult</ReturnType>
      </ReturnValue>
      <MemberValue>-1</MemberValue>
      <Docs>
        <summary ToolPath="Trimmed" tool="FirstSentenceInJavadocToMdoc">The test completed with an error.</summary>
        <remarks>
          <para>Portions of this page are modifications based on work created and shared by the <format type="text/html"><a href="https://developers.google.com/terms/site-policies" title="Android Open Source Project">Android Open Source Project</a></format> and used according to terms described in the <format type="text/html"><a href="https://creativecommons.org/licenses/by/2.5/" title="Creative Commons 2.5 Attribution License">Creative Commons 2.5 Attribution License.</a></format></para>
        </remarks>
      </Docs>
    </Member>
    <Member MemberName="Failure">
      <MemberSignature Language="C#" Value="Failure" />
      <MemberSignature Language="ILAsm" Value=".field public static literal valuetype Android.Test.TestResult Failure = int32(-2)" />
      <MemberSignature Language="DocId" Value="F:Android.Test.TestResult.Failure" />
      <MemberSignature Language="F#" Value="Failure = -2" Usage="Android.Test.TestResult.Failure" />
      <MemberType>Field</MemberType>
      <AssemblyInfo>
        <AssemblyName>Mono.Android</AssemblyName>
        <AssemblyVersion>0.0.0.0</AssemblyVersion>
      </AssemblyInfo>
      <Attributes>
        <Attribute>
          <AttributeName Language="C#">[Android.Runtime.IntDefinition(null, JniField="android/test/InstrumentationTestRunner.REPORT_VALUE_RESULT_FAILURE")]</AttributeName>
          <AttributeName Language="F#">[&lt;Android.Runtime.IntDefinition(null, JniField="android/test/InstrumentationTestRunner.REPORT_VALUE_RESULT_FAILURE")&gt;]</AttributeName>
        </Attribute>
      </Attributes>
      <ReturnValue>
        <ReturnType>Android.Test.TestResult</ReturnType>
      </ReturnValue>
      <MemberValue>-2</MemberValue>
      <Docs>
        <summary ToolPath="Trimmed" tool="FirstSentenceInJavadocToMdoc">The test completed with a failure.</summary>
        <remarks>
          <para>Portions of this page are modifications based on work created and shared by the <format type="text/html"><a href="https://developers.google.com/terms/site-policies" title="Android Open Source Project">Android Open Source Project</a></format> and used according to terms described in the <format type="text/html"><a href="https://creativecommons.org/licenses/by/2.5/" title="Creative Commons 2.5 Attribution License">Creative Commons 2.5 Attribution License.</a></format></para>
        </remarks>
      </Docs>
    </Member>
    <Member MemberName="Ok">
      <MemberSignature Language="C#" Value="Ok" />
      <MemberSignature Language="ILAsm" Value=".field public static literal valuetype Android.Test.TestResult Ok = int32(0)" />
      <MemberSignature Language="DocId" Value="F:Android.Test.TestResult.Ok" />
      <MemberSignature Language="F#" Value="Ok = 0" Usage="Android.Test.TestResult.Ok" />
      <MemberType>Field</MemberType>
      <AssemblyInfo>
        <AssemblyName>Mono.Android</AssemblyName>
        <AssemblyVersion>0.0.0.0</AssemblyVersion>
      </AssemblyInfo>
      <Attributes>
        <Attribute>
          <AttributeName Language="C#">[Android.Runtime.IntDefinition(null, JniField="android/test/InstrumentationTestRunner.REPORT_VALUE_RESULT_OK")]</AttributeName>
          <AttributeName Language="F#">[&lt;Android.Runtime.IntDefinition(null, JniField="android/test/InstrumentationTestRunner.REPORT_VALUE_RESULT_OK")&gt;]</AttributeName>
        </Attribute>
      </Attributes>
      <ReturnValue>
        <ReturnType>Android.Test.TestResult</ReturnType>
      </ReturnValue>
      <MemberValue>0</MemberValue>
      <Docs>
        <summary ToolPath="Trimmed" tool="FirstSentenceInJavadocToMdoc">The test completed successfully.</summary>
        <remarks>
          <para>Portions of this page are modifications based on work created and shared by the <format type="text/html"><a href="https://developers.google.com/terms/site-policies" title="Android Open Source Project">Android Open Source Project</a></format> and used according to terms described in the <format type="text/html"><a href="https://creativecommons.org/licenses/by/2.5/" title="Creative Commons 2.5 Attribution License">Creative Commons 2.5 Attribution License.</a></format></para>
        </remarks>
      </Docs>
    </Member>
    <Member MemberName="Start">
      <MemberSignature Language="C#" Value="Start" />
      <MemberSignature Language="ILAsm" Value=".field public static literal valuetype Android.Test.TestResult Start = int32(1)" />
      <MemberSignature Language="DocId" Value="F:Android.Test.TestResult.Start" />
      <MemberSignature Language="F#" Value="Start = 1" Usage="Android.Test.TestResult.Start" />
      <MemberType>Field</MemberType>
      <AssemblyInfo>
        <AssemblyName>Mono.Android</AssemblyName>
        <AssemblyVersion>0.0.0.0</AssemblyVersion>
      </AssemblyInfo>
      <Attributes>
        <Attribute>
          <AttributeName Language="C#">[Android.Runtime.IntDefinition(null, JniField="android/test/InstrumentationTestRunner.REPORT_VALUE_RESULT_START")]</AttributeName>
          <AttributeName Language="F#">[&lt;Android.Runtime.IntDefinition(null, JniField="android/test/InstrumentationTestRunner.REPORT_VALUE_RESULT_START")&gt;]</AttributeName>
        </Attribute>
      </Attributes>
      <ReturnValue>
        <ReturnType>Android.Test.TestResult</ReturnType>
      </ReturnValue>
      <MemberValue>1</MemberValue>
      <Docs>
        <summary ToolPath="Trimmed" tool="FirstSentenceInJavadocToMdoc">The test is starting.</summary>
        <remarks>
          <para>Portions of this page are modifications based on work created and shared by the <format type="text/html"><a href="https://developers.google.com/terms/site-policies" title="Android Open Source Project">Android Open Source Project</a></format> and used according to terms described in the <format type="text/html"><a href="https://creativecommons.org/licenses/by/2.5/" title="Creative Commons 2.5 Attribution License">Creative Commons 2.5 Attribution License.</a></format></para>
        </remarks>
      </Docs>
    </Member>
  </Members>
</Type>
